0 info it worked if it ends with ok
1 verbose cli [ '/usr/local/bin/node', '/usr/local/bin/npm', 'install' ]
2 info using npm@2.11.3
3 info using node@v0.12.7
4 verbose readDependencies loading dependencies from /home/ghostman/Desktop/Node/NodeJs/Mongoose/Version 2/package.json
5 warn package.json mongoose-app-2@ No description
6 warn package.json mongoose-app-2@ No repository field.
7 warn package.json mongoose-app-2@ No README data
8 warn package.json mongoose-app-2@ No license field.
9 verbose install where, deps [ '/home/ghostman/Desktop/Node/NodeJs/Mongoose/Version 2',
9 verbose install   [ 'mongoose', 'is-json' ] ]
10 verbose install where, peers [ '/home/ghostman/Desktop/Node/NodeJs/Mongoose/Version 2', [] ]
11 verbose installManyTop reading for lifecycle /home/ghostman/Desktop/Node/NodeJs/Mongoose/Version 2/package.json
12 info preinstall mongoose-app-2@
13 verbose installManyTop reading scoped package data from /home/ghostman/Desktop/Node/NodeJs/Mongoose/Version 2/node_modules/is-json/package.json
14 verbose installManyTop reading scoped package data from /home/ghostman/Desktop/Node/NodeJs/Mongoose/Version 2/node_modules/mongoose/package.json
15 verbose readDependencies loading dependencies from /home/ghostman/Desktop/Node/NodeJs/Mongoose/Version 2/package.json
16 verbose targetResolver reading package data from /home/ghostman/Desktop/Node/NodeJs/Mongoose/Version 2/node_modules/is-json/package.json
17 verbose targetResolver reading package data from /home/ghostman/Desktop/Node/NodeJs/Mongoose/Version 2/node_modules/mongoose/package.json
18 silly cache add args [ 'mongoose@latest', null ]
19 verbose cache add spec mongoose@latest
20 silly cache add args [ 'is-json@latest', null ]
21 verbose cache add spec is-json@latest
22 silly cache add parsed spec { raw: 'mongoose@latest',
22 silly cache add   scope: null,
22 silly cache add   name: 'mongoose',
22 silly cache add   rawSpec: 'latest',
22 silly cache add   spec: 'latest',
22 silly cache add   type: 'tag' }
23 silly addNamed mongoose@latest
24 verbose addNamed "latest" is being treated as a dist-tag for mongoose
25 info addNameTag [ 'mongoose', 'latest' ]
26 silly mapToRegistry name mongoose
27 silly mapToRegistry using default registry
28 silly mapToRegistry registry https://registry.npmjs.org/
29 silly mapToRegistry uri https://registry.npmjs.org/mongoose
30 verbose addNameTag registry:https://registry.npmjs.org/mongoose not in flight; fetching
31 silly cache add parsed spec { raw: 'is-json@latest',
31 silly cache add   scope: null,
31 silly cache add   name: 'is-json',
31 silly cache add   rawSpec: 'latest',
31 silly cache add   spec: 'latest',
31 silly cache add   type: 'tag' }
32 silly addNamed is-json@latest
33 verbose addNamed "latest" is being treated as a dist-tag for is-json
34 info addNameTag [ 'is-json', 'latest' ]
35 silly mapToRegistry name is-json
36 silly mapToRegistry using default registry
37 silly mapToRegistry registry https://registry.npmjs.org/
38 silly mapToRegistry uri https://registry.npmjs.org/is-json
39 verbose addNameTag registry:https://registry.npmjs.org/is-json not in flight; fetching
40 verbose request uri https://registry.npmjs.org/is-json
41 verbose request no auth needed
42 info attempt registry request try #1 at 23:40:48
43 verbose request id 7f54b6944865d447
44 verbose etag "ED715HZ02LTPA3QK0IJQZJD43"
45 http request GET https://registry.npmjs.org/is-json
46 verbose request uri https://registry.npmjs.org/mongoose
47 verbose request no auth needed
48 info attempt registry request try #1 at 23:40:48
49 verbose etag "5G8IFM5WWPUWZT7IFN5QXRUFJ"
50 http request GET https://registry.npmjs.org/mongoose
51 http 304 https://registry.npmjs.org/mongoose
52 silly get cb [ 304,
52 silly get   { date: 'Sun, 23 Aug 2015 03:40:48 GMT',
52 silly get     via: '1.1 varnish',
52 silly get     'cache-control': 'max-age=60',
52 silly get     etag: '"5G8IFM5WWPUWZT7IFN5QXRUFJ"',
52 silly get     age: '0',
52 silly get     connection: 'keep-alive',
52 silly get     'x-served-by': 'cache-ord1731-ORD',
52 silly get     'x-cache': 'HIT',
52 silly get     'x-cache-hits': '1',
52 silly get     'x-timer': 'S1440301248.306770,VS0,VE41',
52 silly get     vary: 'Accept' } ]
53 verbose etag https://registry.npmjs.org/mongoose from cache
54 verbose get saving mongoose to /home/ghostman/.npm/registry.npmjs.org/mongoose/.cache.json
55 silly addNameTag next cb for mongoose with tag latest
56 silly addNamed mongoose@4.1.3
57 verbose addNamed "4.1.3" is a plain semver version for mongoose
58 silly cache afterAdd mongoose@4.1.3
59 verbose afterAdd /home/ghostman/.npm/mongoose/4.1.3/package/package.json not in flight; writing
60 verbose afterAdd /home/ghostman/.npm/mongoose/4.1.3/package/package.json written
61 info already installed mongoose@4.1.3
62 http 304 https://registry.npmjs.org/is-json
63 silly get cb [ 304,
63 silly get   { date: 'Sun, 23 Aug 2015 03:40:53 GMT',
63 silly get     via: '1.1 varnish',
63 silly get     'cache-control': 'max-age=60',
63 silly get     etag: '"ED715HZ02LTPA3QK0IJQZJD43"',
63 silly get     age: '16',
63 silly get     connection: 'keep-alive',
63 silly get     'x-served-by': 'cache-atl6235-ATL',
63 silly get     'x-cache': 'HIT',
63 silly get     'x-cache-hits': '1',
63 silly get     'x-timer': 'S1440301253.372261,VS0,VE0',
63 silly get     vary: 'Accept' } ]
64 verbose etag https://registry.npmjs.org/is-json from cache
65 verbose get saving is-json to /home/ghostman/.npm/registry.npmjs.org/is-json/.cache.json
66 silly addNameTag next cb for is-json with tag latest
67 silly addNamed is-json@1.2.5
68 verbose addNamed "1.2.5" is a plain semver version for is-json
69 silly cache afterAdd is-json@1.2.5
70 verbose afterAdd /home/ghostman/.npm/is-json/1.2.5/package/package.json not in flight; writing
71 verbose afterAdd /home/ghostman/.npm/is-json/1.2.5/package/package.json written
72 info already installed is-json@1.2.5
73 silly install resolved []
74 info build /home/ghostman/Desktop/Node/NodeJs/Mongoose/Version 2
75 info linkStuff mongoose-app-2@
76 silly linkStuff mongoose-app-2@ has /home/ghostman/Desktop/Node/NodeJs/Mongoose as its parent node_modules
77 verbose linkBins mongoose-app-2@
78 verbose linkMans mongoose-app-2@
79 verbose rebuildBundles mongoose-app-2@
80 verbose rebuildBundles [ 'is-json', 'mongoose' ]
81 info install mongoose-app-2@
82 info postinstall mongoose-app-2@
83 verbose unsafe-perm in lifecycle true
84 info mongoose-app-2@ Failed to exec postinstall script
85 verbose stack Error: mongoose-app-2@ postinstall: `node postDoc.js`
85 verbose stack Exit status 1
85 verbose stack     at EventEmitter.<anonymous> (/usr/local/lib/node_modules/npm/lib/utils/lifecycle.js:213:16)
85 verbose stack     at EventEmitter.emit (events.js:110:17)
85 verbose stack     at ChildProcess.<anonymous> (/usr/local/lib/node_modules/npm/lib/utils/spawn.js:24:14)
85 verbose stack     at ChildProcess.emit (events.js:110:17)
85 verbose stack     at maybeClose (child_process.js:1015:16)
85 verbose stack     at Process.ChildProcess._handle.onexit (child_process.js:1087:5)
86 verbose pkgid mongoose-app-2@
87 verbose cwd /home/ghostman/Desktop/Node/NodeJs/Mongoose/Version 2
88 error Linux 3.16.0-46-generic
89 error argv "/usr/local/bin/node" "/usr/local/bin/npm" "install"
90 error node v0.12.7
91 error npm  v2.11.3
92 error code ELIFECYCLE
93 error mongoose-app-2@ postinstall: `node postDoc.js`
93 error Exit status 1
94 error Failed at the mongoose-app-2@ postinstall script 'node postDoc.js'.
94 error This is most likely a problem with the mongoose-app-2 package,
94 error not with npm itself.
94 error Tell the author that this fails on your system:
94 error     node postDoc.js
94 error You can get their info via:
94 error     npm owner ls mongoose-app-2
94 error There is likely additional logging output above.
95 verbose exit [ 1, true ]
